* using log directory '/Users/Tim/Desktop/SCIAN-DEVELOP/pkg/log10.Rcheck'
* using R version 2.10.0 (2009-10-26)
* using session charset: UTF-8
* checking for file 'log10/DESCRIPTION' ... OK
* this is package 'log10' version '0.1.0-01'
* checking package dependencies ... OK
* checking if this is a source package ... OK
* checking for executable files ... OK
* checking whether package 'log10' can be installed ... OK
* checking package directory ... OK
* checking for portable file names ... OK
* checking for sufficient/correct file permissions ... OK
* checking DESCRIPTION meta-information ... OK
* checking top-level files ... OK
* checking index information ... OK
* checking package subdirectories ... OK
* checking R files for non-ASCII characters ... OK
* checking R files for syntax errors ... OK
* checking whether the package can be loaded ... OK
* checking whether the package can be loaded with stated dependencies ... OK
* checking for unstated dependencies in R code ... OK
* checking S3 generic/method consistency ... OK
* checking replacement functions ... OK
* checking foreign function calls ... OK
* checking R code for possible problems ... OK
* checking Rd files ... OK
* checking Rd metadata ... OK
* checking Rd cross-references ... OK
* checking for missing documentation entries ... OK
* checking for code/documentation mismatches ... OK
* checking Rd \usage sections ... OK
* checking examples ... OK
* checking PDF version of manual ... OK
